<?xml version="1.0" encoding="ISO-8859-1"?>
<page>
  <description>
This page is a start page.
</description>
  <content>
This is an example content.
</content>
  <title>B 2nd Sub-Entry</title>
  <topics>
    <entry name="test-another.xml" title="Another"/>
    <entry name="test-bnother.xml" title="B another"/>
  </topics>
  <navigation>
    <entry name="test-bnother.xml" title="B another">
      <entry name="test-bnother-1st.xml" title="B 1st Sub-Entry"/>
      <entry name="test-bnother-2nd.xml" title="B 2nd Sub-Entry"/>
    </entry>
  </navigation>
</page>
