<entry name="test-start.xml" title="Start">
    <entry name="test-another.xml" title="Another">
        <entry name="test-another-sub.xml" title="Another Sub-Entry" />
    </entry>
    <entry name="test-bnother.xml" title="B another">
        <entry name="test-bnother-1st.xml" title="B 1st Sub-Entry">
            <entry name="test-bnother-1a.xml" title="B 1 A Sub-Entry" />
            <entry name="test-bnother-1b.xml" title="B 1 B Sub-Entry" />
        </entry>
        <entry name="test-bnother-2nd.xml" title="B 2nd Sub-Entry" />
    </entry>
</entry>